<?xml version="1.0" encoding="UTF-8"?>
<testsuite xmlns:xsi="http://www.w3.org/2001/XMLSchema-instance" xsi:noNamespaceSchemaLocation="https://maven.apache.org/surefire/maven-surefire-plugin/xsd/surefire-test-report-3.0.xsd" version="3.0" name="com.protocol.LedgerOperationTest" time="0.072" tests="13" errors="0" skipped="0" failures="0">
  <properties>
[...]
</properties>
  <testcase name="withdraw_insufficientFunds_shouldThrow" classname="com.protocol.LedgerOperationTest" time="0.003"/>
  <testcase name="transfer_zeroAmount_shouldThrow" classname="com.protocol.LedgerOperationTest" time="0.003"/>
  <testcase name="withdraw_exactBalance_shouldLeaveZero" classname="com.protocol.LedgerOperationTest" time="0.003"/>
  <testcase name="deposit_shouldIncreaseBalance" classname="com.protocol.LedgerOperationTest" time="0.002"/>
  <testcase name="withdraw_shouldDecreaseBalance" classname="com.protocol.LedgerOperationTest" time="0.003"/>
  <testcase name="deposit_zeroAmount_shouldThrow" classname="com.protocol.LedgerOperationTest" time="0.006"/>
  <testcase name="getBalance_nonExistentAccount_shouldReturnZero" classname="com.protocol.LedgerOperationTest" time="0.002"/>
  <testcase name="withdraw_negativeAmount_shouldThrow" classname="com.protocol.LedgerOperationTest" time="0.003"/>
  <testcase name="withdraw_fromNonExistentAccount_shouldThrow" classname="com.protocol.LedgerOperationTest" time="0.003"/>
  <testcase name="deposit_negativeAmount_shouldThrow" classname="com.protocol.LedgerOperationTest" time="0.002"/>
  <testcase name="transfer_shouldMoveFundsBetweenAccounts" classname="com.protocol.LedgerOperationTest" time="0.002"/>
  <testcase name="transfer_insufficientFunds_shouldNotMutateAnyBalance" classname="com.protocol.LedgerOperationTest" time="0.006"/>
  <testcase name="deposit_multipleDeposits_shouldAccumulate" classname="com.protocol.LedgerOperationTest" time="0.002"/>
</testsuite>